# JRE version: OpenJDK Runtime Environment (8.0_242) (build 1.8.0_242-release-1644-b3-6222593)
# Java VM: OpenJDK 64-Bit Server VM (25.242-b3-6222593 mixed mode linux-amd64 compressed oops)
Heap:
 PSYoungGen      total 364032K, used 14231K [0x00000000d5580000, 0x00000000f4980000, 0x0000000100000000)
  eden space 303616K, 0% used [0x00000000d5580000,0x00000000d5580000,0x00000000e7e00000)
  from space 60416K, 23% used [0x00000000ecf80000,0x00000000edd65ca8,0x00000000f0a80000)
  to   space 83456K, 0% used [0x00000000e7e00000,0x00000000e7e00000,0x00000000ecf80000)
 ParOldGen       total 155648K, used 155319K [0x0000000080000000, 0x0000000089800000, 0x00000000d5580000)
  object space 155648K, 99% used [0x0000000080000000,0x00000000897add18,0x0000000089800000)
 Metaspace       used 108488K, capacity 113522K, committed 113960K, reserved 1148928K
  class space    used 14200K, capacity 15216K, committed 15408K, reserved 1048576K
GC Heap History (10 events):
Event: 12410.254 GC heap after
Heap after GC invocations=18 (full 3):
 PSYoungGen      total 271872K, used 29690K [0x00000000d5580000, 0x00000000e9400000, 0x0000000100000000)
  eden space 242176K, 0% used [0x00000000d5580000,0x00000000d5580000,0x00000000e4200000)
  from space 29696K, 99% used [0x00000000e6b80000,0x00000000e887e990,0x00000000e8880000)
  to   space 11776K, 0% used [0x00000000e8880000,0x00000000e8880000,0x00000000e9400000)
 ParOldGen       total 98304K, used 69332K [0x0000000080000000, 0x0000000086000000, 0x00000000d5580000)
  object space 98304K, 70% used [0x0000000080000000,0x00000000843b5058,0x0000000086000000)
 Metaspace       used 93821K, capacity 98482K, committed 98600K, reserved 1134592K
  class space    used 12295K, capacity 13270K, committed 13360K, reserved 1048576K
}
Event: 12410.263 GC heap before
{Heap before GC invocations=19 (full 4):
 PSYoungGen      total 271872K, used 29690K [0x00000000d5580000, 0x00000000e9400000, 0x0000000100000000)
  eden space 242176K, 0% used [0x00000000d5580000,0x00000000d5580000,0x00000000e4200000)
  from space 29696K, 99% used [0x00000000e6b80000,0x00000000e887e990,0x00000000e8880000)
  to   space 11776K, 0% used [0x00000000e8880000,0x00000000e8880000,0x00000000e9400000)
 ParOldGen       total 98304K, used 69332K [0x0000000080000000, 0x0000000086000000, 0x00000000d5580000)
  object space 98304K, 70% used [0x0000000080000000,0x00000000843b5058,0x0000000086000000)
 Metaspace       used 93821K, capacity 98482K, committed 98600K, reserved 1134592K
  class space    used 12295K, capacity 13270K, committed 13360K, reserved 1048576K
Event: 12416.337 GC heap after
Heap after GC invocations=19 (full 4):
 PSYoungGen      total 271872K, used 0K [0x00000000d5580000, 0x00000000e9400000, 0x0000000100000000)
  eden space 242176K, 0% used [0x00000000d5580000,0x00000000d5580000,0x00000000e4200000)
  from space 29696K, 0% used [0x00000000e6b80000,0x00000000e6b80000,0x00000000e8880000)
  to   space 11776K, 0% used [0x00000000e8880000,0x00000000e8880000,0x00000000e9400000)
 ParOldGen       total 155648K, used 60726K [0x0000000080000000, 0x0000000089800000, 0x00000000d5580000)
  object space 155648K, 39% used [0x0000000080000000,0x0000000083b4d8f0,0x0000000089800000)
 Metaspace       used 90806K, capacity 94480K, committed 98600K, reserved 1134592K
  class space    used 11829K, capacity 12627K, committed 13360K, reserved 1048576K
}
Event: 12427.565 GC heap before
{Heap before GC invocations=20 (full 4):
 PSYoungGen      total 271872K, used 242176K [0x00000000d5580000, 0x00000000e9400000, 0x0000000100000000)
  eden space 242176K, 100% used [0x00000000d5580000,0x00000000e4200000,0x00000000e4200000)
  from space 29696K, 0% used [0x00000000e6b80000,0x00000000e6b80000,0x00000000e8880000)
  to   space 11776K, 0% used [0x00000000e8880000,0x00000000e8880000,0x00000000e9400000)
 ParOldGen       total 155648K, used 60726K [0x0000000080000000, 0x0000000089800000, 0x00000000d5580000)
  object space 155648K, 39% used [0x0000000080000000,0x0000000083b4d8f0,0x0000000089800000)
 Metaspace       used 100481K, capacity 104788K, committed 105512K, reserved 1140736K
  class space    used 13040K, capacity 13945K, committed 14128K, reserved 1048576K
Event: 12427.910 GC heap after
Heap after GC invocations=20 (full 4):
 PSYoungGen      total 289280K, used 11767K [0x00000000d5580000, 0x00000000eab80000, 0x0000000100000000)
  eden space 277504K, 0% used [0x00000000d5580000,0x00000000d5580000,0x00000000e6480000)
  from space 11776K, 99% used [0x00000000e8880000,0x00000000e93fdec8,0x00000000e9400000)
  to   space 36352K, 0% used [0x00000000e6480000,0x00000000e6480000,0x00000000e8800000)
 ParOldGen       total 155648K, used 70335K [0x0000000080000000, 0x0000000089800000, 0x00000000d5580000)
  object space 155648K, 45% used [0x0000000080000000,0x00000000844afed0,0x0000000089800000)
 Metaspace       used 100481K, capacity 104788K, committed 105512K, reserved 1140736K
  class space    used 13040K, capacity 13945K, committed 14128K, reserved 1048576K
}
Event: 12432.109 GC heap before
{Heap before GC invocations=21 (full 4):
 PSYoungGen      total 289280K, used 289271K [0x00000000d5580000, 0x00000000eab80000, 0x0000000100000000)
  eden space 277504K, 100% used [0x00000000d5580000,0x00000000e6480000,0x00000000e6480000)
  from space 11776K, 99% used [0x00000000e8880000,0x00000000e93fdec8,0x00000000e9400000)
  to   space 36352K, 0% used [0x00000000e6480000,0x00000000e6480000,0x00000000e8800000)
 ParOldGen       total 155648K, used 70335K [0x0000000080000000, 0x0000000089800000, 0x00000000d5580000)
  object space 155648K, 45% used [0x0000000080000000,0x00000000844afed0,0x0000000089800000)
 Metaspace       used 107973K, capacity 113076K, committed 113448K, reserved 1146880K
  class space    used 14203K, capacity 15199K, committed 15408K, reserved 1048576K
Event: 12432.405 GC heap after
Heap after GC invocations=21 (full 4):
 PSYoungGen      total 313856K, used 36337K [0x00000000d5580000, 0x00000000f0a80000, 0x0000000100000000)
  eden space 277504K, 0% used [0x00000000d5580000,0x00000000d5580000,0x00000000e6480000)
  from space 36352K, 99% used [0x00000000e6480000,0x00000000e87fc7f0,0x00000000e8800000)
  to   space 60416K, 0% used [0x00000000ecf80000,0x00000000ecf80000,0x00000000f0a80000)
 ParOldGen       total 155648K, used 120577K [0x0000000080000000, 0x0000000089800000, 0x00000000d5580000)
  object space 155648K, 77% used [0x0000000080000000,0x00000000875c0698,0x0000000089800000)
 Metaspace       used 107973K, capacity 113076K, committed 113448K, reserved 1146880K
  class space    used 14203K, capacity 15199K, committed 15408K, reserved 1048576K
}
Event: 12436.497 GC heap before
{Heap before GC invocations=22 (full 4):
 PSYoungGen      total 313856K, used 313841K [0x00000000d5580000, 0x00000000f0a80000, 0x0000000100000000)
  eden space 277504K, 100% used [0x00000000d5580000,0x00000000e6480000,0x00000000e6480000)
  from space 36352K, 99% used [0x00000000e6480000,0x00000000e87fc7f0,0x00000000e8800000)
  to   space 60416K, 0% used [0x00000000ecf80000,0x00000000ecf80000,0x00000000f0a80000)
 ParOldGen       total 155648K, used 120577K [0x0000000080000000, 0x0000000089800000, 0x00000000d5580000)
  object space 155648K, 77% used [0x0000000080000000,0x00000000875c0698,0x0000000089800000)
 Metaspace       used 108529K, capacity 113630K, committed 113960K, reserved 1148928K
  class space    used 14212K, capacity 15238K, committed 15408K, reserved 1048576K
Event: 12442.122 GC heap after
Heap after GC invocations=22 (full 4):
 PSYoungGen      total 364032K, used 60402K [0x00000000d5580000, 0x00000000f4980000, 0x0000000100000000)
  eden space 303616K, 0% used [0x00000000d5580000,0x00000000d5580000,0x00000000e7e00000)
  from space 60416K, 99% used [0x00000000ecf80000,0x00000000f0a7c958,0x00000000f0a80000)
  to   space 83456K, 0% used [0x00000000e7e00000,0x00000000e7e00000,0x00000000ecf80000)
 ParOldGen       total 155648K, used 155130K [0x0000000080000000, 0x0000000089800000, 0x00000000d5580000)
  object space 155648K, 99% used [0x0000000080000000,0x000000008977e8d8,0x0000000089800000)
 Metaspace       used 108529K, capacity 113630K, committed 113960K, reserved 1148928K
  class space    used 14212K, capacity 15238K, committed 15408K, reserved 1048576K
}
Event: 12445.435 GC heap before
{Heap before GC invocations=23 (full 5):
 PSYoungGen      total 364032K, used 60402K [0x00000000d5580000, 0x00000000f4980000, 0x0000000100000000)
  eden space 303616K, 0% used [0x00000000d5580000,0x00000000d5580000,0x00000000e7e00000)
  from space 60416K, 99% used [0x00000000ecf80000,0x00000000f0a7c958,0x00000000f0a80000)
  to   space 83456K, 0% used [0x00000000e7e00000,0x00000000e7e00000,0x00000000ecf80000)
 ParOldGen       total 155648K, used 155130K [0x0000000080000000, 0x0000000089800000, 0x00000000d5580000)
  object space 155648K, 99% used [0x0000000080000000,0x000000008977e8d8,0x0000000089800000)
 Metaspace       used 108529K, capacity 113630K, committed 113960K, reserved 1148928K
  class space    used 14212K, capacity 15238K, committed 15408K, reserved 1048576K

